build/app/outputs/mapping/release/mapping.txt
# compiler: R8
# compiler_version: 2.1.62
# min_api: 21
# pg_map_id: 02cc6c4
# common_typos_disable
...
io.flutter.plugin.platform.VirtualDisplayController$OneTimeOnDrawListener -> io.flutter.plugin.platform.l$b:
    java.lang.Runnable mOnDrawRunnable -> b
    android.view.View mView -> a
    void schedule(android.view.View,java.lang.Runnable) -> a
io.flutter.plugin.platform.VirtualDisplayController$OneTimeOnDrawListener$1 -> io.flutter.plugin.platform.l$b$a:
    io.flutter.plugin.platform.VirtualDisplayController$OneTimeOnDrawListener this$0 -> a
io.flutter.util.PathUtils -> b.a.d.a:
    java.lang.String getCacheDirectory(android.content.Context) -> a
    java.lang.String getDataDirectory(android.content.Context) -> b
    java.lang.String getFilesDir(android.content.Context) -> c
io.flutter.util.Preconditions -> b.a.d.b:
    void checkState(boolean,java.lang.Object) -> a
io.flutter.util.Predicate -> b.a.d.c:
    boolean test(java.lang.Object) -> a
io.flutter.util.ViewUtils -> b.a.d.d:
    int generateViewId(int) -> a
    android.app.Activity getActivity(android.content.Context) -> b
io.flutter.view.-$$Lambda$AccessibilityBridge$YZB7OHASiHhGuAwlsDaF5NL1-OU -> io.flutter.view.a:
    io.flutter.view.-$$Lambda$AccessibilityBridge$YZB7OHASiHhGuAwlsDaF5NL1-OU INSTANCE -> a
    boolean test(java.lang.Object) -> a
io.flutter.view.-$$Lambda$AccessibilityBridge$rCW4KhEHJoU73TZTzdmyAQLb0vw -> io.flutter.view.b:
    io.flutter.view.AccessibilityBridge$SemanticsNode f$0 -> a
    boolean test(java.lang.Object) -> a
io.flutter.view.AccessibilityBridge -> io.flutter.view.c:
    io.flutter.view.AccessibilityViewEmbedder accessibilityViewEmbedder -> d
    io.flutter.embedding.engine.systemchannels.AccessibilityChannel accessibilityChannel -> b
    int accessibilityFeatureFlags -> l
    java.util.List flutterNavigationStack -> p
    io.flutter.plugin.platform.PlatformViewsAccessibilityDelegate platformViewsAccessibilityDelegate -> e
    io.flutter.view.AccessibilityBridge$OnAccessibilityChangeListener onAccessibilityChangeListener -> s
    int FIRST_RESOURCE_ID -> y
    io.flutter.view.AccessibilityBridge$SemanticsNode lastInputFocusedSemanticsNode -> n
    android.database.ContentObserver animationScaleObserver -> x
    android.view.View rootAccessibilityView -> a
    android.view.accessibility.AccessibilityManager accessibilityManager -> c
    java.util.Map flutterSemanticsTree -> g
    int previousRouteId -> q
    java.lang.Integer lastLeftFrameInset -> r
    java.lang.Integer embeddedAccessibilityFocusedNodeId -> j
    android.view.accessibility.AccessibilityManager$TouchExplorationStateChangeListener touchExplorationStateChangeListener -> w
    boolean isReleased -> t
    io.flutter.embedding.engine.systemchannels.AccessibilityChannel$AccessibilityMessageHandler accessibilityMessageHandler -> u
    io.flutter.view.AccessibilityBridge$SemanticsNode inputFocusedSemanticsNode -> m
    io.flutter.view.AccessibilityBridge$SemanticsNode hoveredObject -> o
io.flutter.view.AccessibilityBridge$1 -> io.flutter.view.c$a:
    io.flutter.view.AccessibilityBridge this$0 -> a
    void updateSemantics(java.nio.ByteBuffer,java.lang.String[],java.nio.ByteBuffer[]) -> a
    void updateCustomAccessibilityActions(java.nio.ByteBuffer,java.lang.String[]) -> b
    void onTooltip(java.lang.String) -> c
    void onLongPress(int) -> d
    void onTap(int) -> e
    void announce(java.lang.String) -> f
io.flutter.view.AccessibilityBridge$2 -> io.flutter.view.c$b:
    io.flutter.view.AccessibilityBridge this$0 -> a
io.flutter.view.AccessibilityBridge$3 -> io.flutter.view.c$c:
    io.flutter.view.AccessibilityBridge this$0 -> a
io.flutter.view.AccessibilityBridge$4 -> io.flutter.view.c$d:
    android.view.accessibility.AccessibilityManager val$accessibilityManager -> a
    io.flutter.view.AccessibilityBridge this$0 -> b
io.flutter.view.AccessibilityBridge$5 -> io.flutter.view.c$e:
    int[] $SwitchMap$io$flutter$view$AccessibilityBridge$StringAttributeType -> a