build/app/outputs/mapping/release/usage.txt
com.example.closet.R$style
com.example.closet.R$drawable
com.example.closet.R
com.example.closet.R$integer
com.example.closet.R$mipmap
com.example.closet.BuildConfig
com.example.closet.R$id
com.example.closet.R$string
com.example.closet.R$styleable
com.example.closet.R$dimen
com.example.closet.R$attr
com.example.closet.R$layout
com.example.closet.R$color
...
kotlin.collections.MutableMapWithDefaultImpl
androidx.core.view.ViewPropertyAnimatorCompat$2
kotlin.collections.AbstractIterator
kotlin.math.MathKt__MathHKt
org.intellij.lang.annotations.JdkConstants$FontStyle
kotlin.time.TimedValue
kotlin.collections.ArraysKt___ArraysKt$asIterable$$inlined$Iterable$8
androidx.loader.R
androidx.viewpager.widget.ViewPager$DecorView
androidx.core.graphics.drawable.DrawableCompat
androidx.core.content.res.ResourcesCompat$FontCallback$1
kotlin.sequences.SequencesKt___SequencesKt$filterNotNull$1
kotlin.reflect.KMutableProperty
androidx.viewpager.R$id
kotlin.collections.ArraysKt___ArraysJvmKt$asList$8
kotlin.collections.AbstractMap
kotlin.collections.UArraysKt
kotlin.time.DurationUnitKt__DurationUnitKt
kotlin.collections.ArraysKt___ArraysKt$withIndex$5
kotlin.jvm.internal.SpreadBuilder
kotlin.jvm.functions.Function17
kotlin.UByte
kotlin.collections.CollectionsKt__CollectionsKt
androidx.fragment.app.SuperNotCalledException
kotlin.annotation.Repeatable
androidx.viewpager.widget.ViewPager$MyAccessibilityDelegate
androidx.viewpager.R$attr
kotlin.collections.CollectionsKt__ReversedViewsKt
androidx.core.provider.FontsContractCompat
kotlin.collections.MapAccessorsKt
androidx.core.content.FileProvider$SimplePathStrategy
kotlin.collections.ArraysKt___ArraysKt$asSequence$$inlined$Sequence$3
kotlin.sequences.SequencesKt___SequencesKt$filterIndexed$2
androidx.lifecycle.Transformations$1
androidx.activity.OnBackPressedDispatcher$LifecycleOnBackPressedCancellable:
    void <init>(androidx.activity.OnBackPressedDispatcher,androidx.lifecycle.Lifecycle,androidx.activity.OnBackPressedCallback)
kotlin.UByteKt
androidx.core.util.TimeUtils
kotlin.collections.unsigned.UArraysKt___UArraysKt$withIndex$1
androidx.core.app.AppOpsManagerCompat
androidx.activity.R$layout
androidx.core.app.Person$Builder
androidx.viewpager.R$style
androidx.core.os.ParcelableCompat$ParcelableCompatCreatorHoneycombMR2
androidx.core.widget.AutoScrollHelper
kotlin.time.AbstractDoubleClock
kotlin.sequences.SequencesKt__SequencesKt$asSequence$$inlined$Sequence$1
kotlin.io.FilesKt__UtilsKt
androidx.core.text.util.FindAddress$ZipRange
kotlin.reflect.KVariance
io.flutter.view.FlutterMain
kotlin.ranges.RangesKt__RangesJVMKt
kotlin.io.FileTreeWalk$FileTreeWalkIterator
kotlin.sequences.SequencesKt__SequencesKt$Sequence$1
kotlin.coroutines.experimental.intrinsics.IntrinsicsKt__IntrinsicsJvmKt
kotlin.sequences.SequencesKt___SequencesKt$minus$1
kotlin.experimental.BitwiseOperationsKt
io.flutter.embedding.android.FlutterActivityAndFragmentDelegate:
    void onLowMemory()
    private static final java.lang.String TAG
    private static final java.lang.String FRAMEWORK_RESTORATION_BUNDLE_KEY
    private static final java.lang.String PLUGINS_RESTORATION_BUNDLE_KEY
    private static final int FLUTTER_SPLASH_VIEW_FALLBACK_ID
androidx.core.app.ActivityRecreator$3
kotlin.internal.UProgressionUtilKt
io.flutter.util.PathUtils:
    public void <init>()
kotlin.UninitializedPropertyAccessException
kotlin.text.StringsKt__IndentKt$getIndentFunction$2
kotlin.reflect.KProperty0